{"/home/farai/Projects/devpleno/Semana2/exercicios/juros.js": {"path":"/home/farai/Projects/devpleno/Semana2/exercicios/juros.js","statementMap":{"0":{"start":{"line":1,"column":21},"end":{"line":1,"column":41}},"1":{"start":{"line":1,"column":35},"end":{"line":1,"column":40}},"2":{"start":{"line":3,"column":17},"end":{"line":3,"column":73}},"3":{"start":{"line":3,"column":37},"end":{"line":3,"column":73}},"4":{"start":{"line":3,"column":50},"end":{"line":3,"column":73}},"5":{"start":{"line":15,"column":31},"end":{"line":15,"column":66}},"6":{"start":{"line":15,"column":44},"end":{"line":15,"column":66}},"7":{"start":{"line":17,"column":23},"end":{"line":17,"column":103}},"8":{"start":{"line":17,"column":53},"end":{"line":17,"column":103}},"9":{"start":{"line":17,"column":67},"end":{"line":17,"column":102}},"10":{"start":{"line":19,"column":0},"end":{"line":29,"column":1}}},"fnMap":{"0":{"name":"(anonymous_0)","decl":{"start":{"line":1,"column":21},"end":{"line":1,"column":22}},"loc":{"start":{"line":1,"column":35},"end":{"line":1,"column":40}},"line":1},"1":{"name":"(anonymous_1)","decl":{"start":{"line":3,"column":17},"end":{"line":3,"column":18}},"loc":{"start":{"line":3,"column":37},"end":{"line":3,"column":73}},"line":3},"2":{"name":"(anonymous_2)","decl":{"start":{"line":3,"column":37},"end":{"line":3,"column":38}},"loc":{"start":{"line":3,"column":50},"end":{"line":3,"column":73}},"line":3},"3":{"name":"(anonymous_3)","decl":{"start":{"line":15,"column":31},"end":{"line":15,"column":32}},"loc":{"start":{"line":15,"column":44},"end":{"line":15,"column":66}},"line":15},"4":{"name":"(anonymous_4)","decl":{"start":{"line":17,"column":23},"end":{"line":17,"column":24}},"loc":{"start":{"line":17,"column":53},"end":{"line":17,"column":103}},"line":17},"5":{"name":"(anonymous_5)","decl":{"start":{"line":17,"column":53},"end":{"line":17,"column":54}},"loc":{"start":{"line":17,"column":67},"end":{"line":17,"column":102}},"line":17}},"branchMap":{},"s":{"0":1,"1":3,"2":1,"3":2,"4":1,"5":1,"6":1,"7":1,"8":1,"9":1,"10":1},"f":{"0":3,"1":2,"2":1,"3":1,"4":1,"5":1},"b":{},"_coverageSchema":"43e27e138ebf9cfc5966b082cf9a028302ed4184","hash":"b08311434e532edeb4020417b3eb2ceff4a5962e"}
}
